Using pre-set license
Built from '2020.3/staging' branch; Version is '2020.3.19f1 (68f137dc9bbe) revision 6877495'; Using compiler version '192528614'; Build Type 'Release'
OS: 'Windows 10 Pro; OS build 19043.1288; Version 2009; 64bit' Language: 'ko' Physical Memory: 8059 MB
BatchMode: 1, IsHumanControllingUs: 0, StartBugReporterOnCrash: 0, Is64bit: 1, IsPro: 0

COMMAND LINE ARGUMENTS:
C:\Program Files\Unity\Hub\Editor\2020.3.19f1\Editor\Unity.exe
-adb2
-batchMode
-noUpm
-name
AssetImportWorker0
-projectPath
C:/Users/yhJung/Desktop/sparta_roket/20211026_Db_nAds
-logFile
Logs/AssetImportWorker0.log
-srvPort
56377
Successfully changed project path to: C:/Users/yhJung/Desktop/sparta_roket/20211026_Db_nAds
C:/Users/yhJung/Desktop/sparta_roket/20211026_Db_nAds
Using Asset Import Pipeline V2.
Refreshing native plugins compatible for Editor in 58.78 ms, found 3 plugins.
Preloading 0 native plugins for Editor in 0.00 ms.
Initialize engine version: 2020.3.19f1 (68f137dc9bbe)
[Subsystems] Discovering subsystems at path C:/Program Files/Unity/Hub/Editor/2020.3.19f1/Editor/Data/Resources/UnitySubsystems
[Subsystems] Discovering subsystems at path C:/Users/yhJung/Desktop/sparta_roket/20211026_Db_nAds/Assets
GfxDevice: creating device client; threaded=0
Direct3D:
    Version:  Direct3D 11.0 [level 11.1]
    Renderer: NVIDIA GeForce GTX 1650 Ti (ID=0x1f95)
    Vendor:   
    VRAM:     3962 MB
    Driver:   27.21.14.6230
Initialize mono
Mono path[0] = 'C:/Program Files/Unity/Hub/Editor/2020.3.19f1/Editor/Data/Managed'
Mono path[1] = 'C:/Program Files/Unity/Hub/Editor/2020.3.19f1/Editor/Data/MonoBleedingEdge/lib/mono/unityjit'
Mono config path = 'C:/Program Files/Unity/Hub/Editor/2020.3.19f1/Editor/Data/MonoBleedingEdge/etc'
Using monoOptions --debugger-agent=transport=dt_socket,embedding=1,server=y,suspend=n,address=127.0.0.1:56280
Begin MonoManager ReloadAssembly
Registering precompiled unity dll's ...
Register platform support module: C:/Program Files/Unity/Hub/Editor/2020.3.19f1/Editor/Data/PlaybackEngines/WindowsStandaloneSupport/UnityEditor.WindowsStandalone.Extensions.dll
Registered in 0.001798 seconds.
Native extension for WindowsStandalone target not found
Refreshing native plugins compatible for Editor in 41.30 ms, found 3 plugins.
Preloading 0 native plugins for Editor in 0.00 ms.
Mono: successfully reloaded assembly
- Completed reload, in  1.906 seconds
Domain Reload Profiling:
	ReloadAssembly (1907ms)
		BeginReloadAssembly (48ms)
			ExecutionOrderSort (0ms)
			DisableScriptedObjects (0ms)
			BackupInstance (0ms)
			ReleaseScriptingObjects (0ms)
			CreateAndSetChildDomain (1ms)
		EndReloadAssembly (344ms)
			LoadAssemblies (46ms)
			RebuildTransferFunctionScriptingTraits (0ms)
			SetupTypeCache (119ms)
			ReleaseScriptCaches (0ms)
			RebuildScriptCaches (25ms)
			SetupLoadedEditorAssemblies (139ms)
				LogAssemblyErrors (0ms)
				InitializePlatformSupportModulesInManaged (3ms)
				SetLoadedEditorAssemblies (0ms)
				RefreshPlugins (41ms)
				BeforeProcessingInitializeOnLoad (13ms)
				ProcessInitializeOnLoadAttributes (60ms)
				ProcessInitializeOnLoadMethodAttributes (22ms)
				AfterProcessingInitializeOnLoad (0ms)
				EditorAssembliesLoaded (0ms)
			ExecutionOrderSort2 (0ms)
			AwakeInstancesAfterBackupRestoration (0ms)
Platform modules already initialized, skipping
Registering precompiled user dll's ...
Registered in 0.002213 seconds.
Begin MonoManager ReloadAssembly
Native extension for WindowsStandalone target not found
Refreshing native plugins compatible for Editor in 41.02 ms, found 3 plugins.
Preloading 0 native plugins for Editor in 0.00 ms.
Mono: successfully reloaded assembly
- Completed reload, in  0.906 seconds
Domain Reload Profiling:
	ReloadAssembly (907ms)
		BeginReloadAssembly (115ms)
			ExecutionOrderSort (0ms)
			DisableScriptedObjects (4ms)
			BackupInstance (0ms)
			ReleaseScriptingObjects (0ms)
			CreateAndSetChildDomain (15ms)
		EndReloadAssembly (742ms)
			LoadAssemblies (69ms)
			RebuildTransferFunctionScriptingTraits (0ms)
			SetupTypeCache (247ms)
			ReleaseScriptCaches (1ms)
			RebuildScriptCaches (39ms)
			SetupLoadedEditorAssemblies (281ms)
				LogAssemblyErrors (0ms)
				InitializePlatformSupportModulesInManaged (3ms)
				SetLoadedEditorAssemblies (0ms)
				RefreshPlugins (41ms)
				BeforeProcessingInitializeOnLoad (63ms)
				ProcessInitializeOnLoadAttributes (159ms)
				ProcessInitializeOnLoadMethodAttributes (10ms)
				AfterProcessingInitializeOnLoad (4ms)
				EditorAssembliesLoaded (0ms)
			ExecutionOrderSort2 (0ms)
			AwakeInstancesAfterBackupRestoration (5ms)
Platform modules already initialized, skipping
========================================================================
Worker process is ready to serve import requests
Launched and connected shader compiler UnityShaderCompiler.exe after 0.05 seconds
Refreshing native plugins compatible for Editor in 0.56 ms, found 3 plugins.
Preloading 0 native plugins for Editor in 0.00 ms.
Unloading 2280 Unused Serialized files (Serialized files now loaded: 0)
System memory in use before: 100.1 MB.
System memory in use after: 100.3 MB.

Unloading 49 unused Assets to reduce memory usage. Loaded Objects now: 2701.
Total: 2.640000 ms (FindLiveObjects: 0.201400 ms CreateObjectMapping: 0.096200 ms MarkObjects: 2.237200 ms  DeleteObjects: 0.104500 ms)

AssetImportParameters requested are different than current active one (requested -> active):
  custom:framework-win-MediaFoundation: 216162199b28c13a410421893ffa2e32 -> 
  custom:video-decoder-ogg-theora: a1e56fd34408186e4bbccfd4996cb3dc -> 
  custom:container-muxer-webm: aa71ff27fc2769a1b78a27578f13a17b -> 
  custom:container-demuxer-webm: 4f35f7cbe854078d1ac9338744f61a02 -> 
  custom:container-demuxer-ogg: 62fdf1f143b41e24485cea50d1cbac27 -> 
  custom:video-encoder-webm-vp8: eb34c28f22e8b96e1ab97ce403110664 -> 
  custom:video-decoder-webm-vp8: 9c59270c3fd7afecdb556c50c9e8de78 -> 
  custom:audio-decoder-ogg-vorbis: bf7c407c2cedff20999df2af8eb42d56 -> 
  custom:audio-encoder-webm-vorbis: bf7c407c2cedff20999df2af8eb42d56 -> 
========================================================================
Received Import Request.
  path: Assets/images/Coin/c6.png
  artifactKey: Guid(3ca59a20f413eb8408307b9d2b12a0ee) Importer(815301076,1909f56bfc062723c751e8b465ee728b)
Start importing Assets/images/Coin/c6.png using Guid(3ca59a20f413eb8408307b9d2b12a0ee) Importer(815301076,1909f56bfc062723c751e8b465ee728b)  -> (artifact id: '65726de2f3809819f14722a891a0dcd7') in 0.085647 seconds 
  Import took 0.088986 seconds .

========================================================================
Received Import Request.
  Time since last request: 0.000246 seconds.
  path: Assets/KakaoTalk_20210930_022913087_01.png
  artifactKey: Guid(dc71169446c08cb43a004aa3e71fe0bd) Importer(815301076,1909f56bfc062723c751e8b465ee728b)
Start importing Assets/KakaoTalk_20210930_022913087_01.png using Guid(dc71169446c08cb43a004aa3e71fe0bd) Importer(815301076,1909f56bfc062723c751e8b465ee728b)  -> (artifact id: '3787e2807d46fe6f90cdd46caab7a439') in 0.028496 seconds 
  Import took 0.032303 seconds .

========================================================================
Received Import Request.
  Time since last request: 0.000133 seconds.
  path: Assets/images/Main/ball_left_1_motionxxxhdpi.png
  artifactKey: Guid(f67970b96b396bf478aef40ede9b3cd7) Importer(815301076,1909f56bfc062723c751e8b465ee728b)
Start importing Assets/images/Main/ball_left_1_motionxxxhdpi.png using Guid(f67970b96b396bf478aef40ede9b3cd7) Importer(815301076,1909f56bfc062723c751e8b465ee728b)  -> (artifact id: 'd065d4b2d827ca60c626052ecc02f286') in 0.031443 seconds 
  Import took 0.035466 seconds .

========================================================================
Received Import Request.
  Time since last request: 0.000509 seconds.
  path: Assets/images/Coin/c4.png
  artifactKey: Guid(627ca1d4e027eb140881cd7d9f442e3c) Importer(815301076,1909f56bfc062723c751e8b465ee728b)
Start importing Assets/images/Coin/c4.png using Guid(627ca1d4e027eb140881cd7d9f442e3c) Importer(815301076,1909f56bfc062723c751e8b465ee728b)  -> (artifact id: 'c4e2b2be3146248b2af3f1c5e6cd191f') in 0.019305 seconds 
  Import took 0.025379 seconds .

========================================================================
Received Import Request.
  Time since last request: 0.000359 seconds.
  path: Assets/images/Coin/c7.png
  artifactKey: Guid(63564509947eb8b408e6d927cb8d4481) Importer(815301076,1909f56bfc062723c751e8b465ee728b)
Start importing Assets/images/Coin/c7.png using Guid(63564509947eb8b408e6d927cb8d4481) Importer(815301076,1909f56bfc062723c751e8b465ee728b)  -> (artifact id: '547af5ad118e482b3151253063ba7a93') in 0.025375 seconds 
  Import took 0.029691 seconds .

========================================================================
Received Import Request.
  Time since last request: 0.000214 seconds.
  path: Assets/images/ending/light_iconxxxhdpi.png
  artifactKey: Guid(248c5c9709b856d4fb09bb72500dc238) Importer(815301076,1909f56bfc062723c751e8b465ee728b)
Start importing Assets/images/ending/light_iconxxxhdpi.png using Guid(248c5c9709b856d4fb09bb72500dc238) Importer(815301076,1909f56bfc062723c751e8b465ee728b)  -> (artifact id: '02f111b83ea27a804cc5821b4806e48f') in 0.060428 seconds 
  Import took 0.063659 seconds .

========================================================================
Received Import Request.
  Time since last request: 0.000225 seconds.
  path: Assets/images/ending/best_textxxxhdpi.png
  artifactKey: Guid(033aaf147207e1b438a6e36efacea73b) Importer(815301076,1909f56bfc062723c751e8b465ee728b)
Start importing Assets/images/ending/best_textxxxhdpi.png using Guid(033aaf147207e1b438a6e36efacea73b) Importer(815301076,1909f56bfc062723c751e8b465ee728b)  -> (artifact id: '5c3b6d0e4a52caddd556c6dbe775d6e0') in 0.026186 seconds 
  Import took 0.031411 seconds .

========================================================================
Received Import Request.
  Time since last request: 0.000299 seconds.
  path: Assets/bg1.png
  artifactKey: Guid(7f2f9d2949f201045b5e0c848bf33ab4) Importer(815301076,1909f56bfc062723c751e8b465ee728b)
Start importing Assets/bg1.png using Guid(7f2f9d2949f201045b5e0c848bf33ab4) Importer(815301076,1909f56bfc062723c751e8b465ee728b)  -> (artifact id: '5cd259048ddeff233f0b30d60c8adcfd') in 0.043904 seconds 
  Import took 0.050668 seconds .

========================================================================
Received Import Request.
  Time since last request: 0.000168 seconds.
  path: Assets/images/Coin/c5.png
  artifactKey: Guid(4740690966820d84c99b927101e1e2c7) Importer(815301076,1909f56bfc062723c751e8b465ee728b)
Start importing Assets/images/Coin/c5.png using Guid(4740690966820d84c99b927101e1e2c7) Importer(815301076,1909f56bfc062723c751e8b465ee728b)  -> (artifact id: '193a5a9f6c48dece64e24a879992c84e') in 0.024667 seconds 
  Import took 0.028336 seconds .

========================================================================
Received Import Request.
  Time since last request: 0.000149 seconds.
  path: Assets/images/HoopLife_Icon@3x.png
  artifactKey: Guid(89f628f948070454184c8725a56686d4) Importer(815301076,1909f56bfc062723c751e8b465ee728b)
Start importing Assets/images/HoopLife_Icon@3x.png using Guid(89f628f948070454184c8725a56686d4) Importer(815301076,1909f56bfc062723c751e8b465ee728b)  -> (artifact id: '8777d4adfef41645161dcab5ef0a3c75') in 0.018171 seconds 
  Import took 0.022533 seconds .

========================================================================
Received Import Request.
  Time since last request: 0.000163 seconds.
  path: Assets/images/ending/end_bgxxxhdpi.png
  artifactKey: Guid(5a98eb224f6c71844a272903c0e1e988) Importer(815301076,1909f56bfc062723c751e8b465ee728b)
Start importing Assets/images/ending/end_bgxxxhdpi.png using Guid(5a98eb224f6c71844a272903c0e1e988) Importer(815301076,1909f56bfc062723c751e8b465ee728b)  -> (artifact id: '25e1bfce3420fba81b594400b0d89cff') in 0.049999 seconds 
  Import took 0.053396 seconds .

========================================================================
Received Import Request.
  Time since last request: 0.000266 seconds.
  path: Assets/images/newbg3.png
  artifactKey: Guid(e5cc4d3570e8b134194fcf42b917c784) Importer(815301076,1909f56bfc062723c751e8b465ee728b)
Start importing Assets/images/newbg3.png using Guid(e5cc4d3570e8b134194fcf42b917c784) Importer(815301076,1909f56bfc062723c751e8b465ee728b)  -> (artifact id: 'f92526451df6955ae70d782517e4dc83') in 0.044935 seconds 
  Import took 0.048574 seconds .

========================================================================
Received Import Request.
  Time since last request: 0.000389 seconds.
  path: Assets/images/Background/main.png
  artifactKey: Guid(85ea41d389642d94db303c6c8759bbe8) Importer(815301076,1909f56bfc062723c751e8b465ee728b)
Start importing Assets/images/Background/main.png using Guid(85ea41d389642d94db303c6c8759bbe8) Importer(815301076,1909f56bfc062723c751e8b465ee728b)  -> (artifact id: '030f5500d1ecb5cf4b49b4a4be4b3c59') in 0.052523 seconds 
  Import took 0.056791 seconds .

========================================================================
Received Import Request.
  Time since last request: 0.000177 seconds.
  path: Assets/images/main_setting.png
  artifactKey: Guid(57b485d4094f3004297ccfb8c04af1d4) Importer(815301076,1909f56bfc062723c751e8b465ee728b)
Start importing Assets/images/main_setting.png using Guid(57b485d4094f3004297ccfb8c04af1d4) Importer(815301076,1909f56bfc062723c751e8b465ee728b)  -> (artifact id: 'e268a4f25371608d123258184617f3d5') in 0.029970 seconds 
  Import took 0.034483 seconds .

========================================================================
Received Import Request.
  Time since last request: 0.000184 seconds.
  path: Assets/images/play.png
  artifactKey: Guid(05f789a92ed41424d9198fcbbb1c5225) Importer(815301076,1909f56bfc062723c751e8b465ee728b)
Start importing Assets/images/play.png using Guid(05f789a92ed41424d9198fcbbb1c5225) Importer(815301076,1909f56bfc062723c751e8b465ee728b)  -> (artifact id: 'a78b12c4d448bf4cea77f819edd5d08b') in 0.019530 seconds 
  Import took 0.023829 seconds .

========================================================================
Received Import Request.
  Time since last request: 0.000204 seconds.
  path: Assets/images/Main/play_pressed_btnxxxhdpi.png
  artifactKey: Guid(7215207d9312ae949b721d05f7e5752c) Importer(815301076,1909f56bfc062723c751e8b465ee728b)
Start importing Assets/images/Main/play_pressed_btnxxxhdpi.png using Guid(7215207d9312ae949b721d05f7e5752c) Importer(815301076,1909f56bfc062723c751e8b465ee728b)  -> (artifact id: '5ede5629f73ae9ed455ee06de131e583') in 0.035081 seconds 
  Import took 0.040367 seconds .

========================================================================
Received Import Request.
  Time since last request: 0.000145 seconds.
  path: Assets/Animations/off4@3x.png
  artifactKey: Guid(9d4c62082e4e58d46a960e778d86bdd1) Importer(815301076,1909f56bfc062723c751e8b465ee728b)
Start importing Assets/Animations/off4@3x.png using Guid(9d4c62082e4e58d46a960e778d86bdd1) Importer(815301076,1909f56bfc062723c751e8b465ee728b)  -> (artifact id: '6fa6340b3fc83b9e203572c3bafcd969') in 0.024153 seconds 
  Import took 0.028234 seconds .

========================================================================
Received Import Request.
  Time since last request: 0.000143 seconds.
  path: Assets/Animations/off3@3x.png
  artifactKey: Guid(5b6da521a3f786e4a94893a247d080f5) Importer(815301076,1909f56bfc062723c751e8b465ee728b)
Start importing Assets/Animations/off3@3x.png using Guid(5b6da521a3f786e4a94893a247d080f5) Importer(815301076,1909f56bfc062723c751e8b465ee728b)  -> (artifact id: '92f1facd7dd0b60e42b154a1f9d48e2b') in 0.025899 seconds 
  Import took 0.029253 seconds .

========================================================================
Received Import Request.
  Time since last request: 0.000253 seconds.
  path: Assets/images/Main/ball_right_1_motionxxxhdpi.png
  artifactKey: Guid(9b69cb5e3df244e4a962614561529f21) Importer(815301076,1909f56bfc062723c751e8b465ee728b)
Start importing Assets/images/Main/ball_right_1_motionxxxhdpi.png using Guid(9b69cb5e3df244e4a962614561529f21) Importer(815301076,1909f56bfc062723c751e8b465ee728b)  -> (artifact id: 'dea362a3190d279c3abe1b10c738f30e') in 0.023958 seconds 
  Import took 0.029180 seconds .

========================================================================
Received Import Request.
  Time since last request: 0.000212 seconds.
  path: Assets/images/KakaoTalk_20211010_152259513_01.png
  artifactKey: Guid(e1137b9a7a328ed48b5d2b6d27ee2c1a) Importer(815301076,1909f56bfc062723c751e8b465ee728b)
Start importing Assets/images/KakaoTalk_20211010_152259513_01.png using Guid(e1137b9a7a328ed48b5d2b6d27ee2c1a) Importer(815301076,1909f56bfc062723c751e8b465ee728b)  -> (artifact id: 'f2b979e9f3e801cbb2c12759defa64bf') in 0.044480 seconds 
  Import took 0.050263 seconds .

========================================================================
Received Import Request.
  Time since last request: 0.000384 seconds.
  path: Assets/images/Main/setting_btnxxxhdpi.png
  artifactKey: Guid(50e7eefd89d914f4dad4a5c76b0da0e0) Importer(815301076,1909f56bfc062723c751e8b465ee728b)
Start importing Assets/images/Main/setting_btnxxxhdpi.png using Guid(50e7eefd89d914f4dad4a5c76b0da0e0) Importer(815301076,1909f56bfc062723c751e8b465ee728b)  -> (artifact id: '1d2d0f06f11c14e403fed547924b68a0') in 0.031719 seconds 
  Import took 0.035128 seconds .

========================================================================
Received Import Request.
  Time since last request: 0.000197 seconds.
  path: Assets/bg2.png
  artifactKey: Guid(0001f50988bb3e24b8b7a10858ff6b44) Importer(815301076,1909f56bfc062723c751e8b465ee728b)
Start importing Assets/bg2.png using Guid(0001f50988bb3e24b8b7a10858ff6b44) Importer(815301076,1909f56bfc062723c751e8b465ee728b)  -> (artifact id: '9b5f5179e3aecde09ef6f4b55ad30df0') in 0.050051 seconds 
  Import took 0.055560 seconds .

========================================================================
Received Import Request.
  Time since last request: 0.000177 seconds.
  path: Assets/images/newbg1.png
  artifactKey: Guid(9487ff0ed90faf745a926ae142fffea4) Importer(815301076,1909f56bfc062723c751e8b465ee728b)
Start importing Assets/images/newbg1.png using Guid(9487ff0ed90faf745a926ae142fffea4) Importer(815301076,1909f56bfc062723c751e8b465ee728b)  -> (artifact id: '54bd1634233fe7400b8eba61b8a4932a') in 0.044608 seconds 
  Import took 0.049282 seconds .

========================================================================
Received Import Request.
  Time since last request: 0.000180 seconds.
  path: Assets/images/toggle on.png
  artifactKey: Guid(b22046b9ba24ad04199c54833fae44cb) Importer(815301076,1909f56bfc062723c751e8b465ee728b)
Start importing Assets/images/toggle on.png using Guid(b22046b9ba24ad04199c54833fae44cb) Importer(815301076,1909f56bfc062723c751e8b465ee728b)  -> (artifact id: '7036891aaeb3cb71db7f7d33f7c7752e') in 0.021423 seconds 
  Import took 0.026080 seconds .

========================================================================
Received Import Request.
  Time since last request: 0.000329 seconds.
  path: Assets/images/Replay_Btn@3x.png
  artifactKey: Guid(b20ac4d99aaac954b95eabce338a6973) Importer(815301076,1909f56bfc062723c751e8b465ee728b)
Start importing Assets/images/Replay_Btn@3x.png using Guid(b20ac4d99aaac954b95eabce338a6973) Importer(815301076,1909f56bfc062723c751e8b465ee728b)  -> (artifact id: '432f5e566fcf94612eac771578d90f38') in 0.022598 seconds 
  Import took 0.026928 seconds .

========================================================================
Received Import Request.
  Time since last request: 0.000200 seconds.
  path: Assets/images/Tutorial_RightTab_Pushed@3x.png
  artifactKey: Guid(2b6a4b85f721f1842b743d2abae7cc4a) Importer(815301076,1909f56bfc062723c751e8b465ee728b)
Start importing Assets/images/Tutorial_RightTab_Pushed@3x.png using Guid(2b6a4b85f721f1842b743d2abae7cc4a) Importer(815301076,1909f56bfc062723c751e8b465ee728b)  -> (artifact id: '0edbaed7a8f507e32066b741c3646210') in 0.038690 seconds 
  Import took 0.046375 seconds .

========================================================================
Received Import Request.
  Time since last request: 0.000264 seconds.
  path: Assets/images/KakaoTalk_20211011_163134885_01.png
  artifactKey: Guid(3985cc8f3d1a57742b3d1782970fd5d9) Importer(815301076,1909f56bfc062723c751e8b465ee728b)
Start importing Assets/images/KakaoTalk_20211011_163134885_01.png using Guid(3985cc8f3d1a57742b3d1782970fd5d9) Importer(815301076,1909f56bfc062723c751e8b465ee728b)  -> (artifact id: 'c933ed8bc1f60c1f234f81516549e013') in 0.029235 seconds 
  Import took 0.034799 seconds .

========================================================================
Received Import Request.
  Time since last request: 0.000243 seconds.
  path: Assets/images/Main/ball_right_2_motionxxxhdpi.png
  artifactKey: Guid(96fa0c572f243654a9de3d7cf64f53e4) Importer(815301076,1909f56bfc062723c751e8b465ee728b)
Start importing Assets/images/Main/ball_right_2_motionxxxhdpi.png using Guid(96fa0c572f243654a9de3d7cf64f53e4) Importer(815301076,1909f56bfc062723c751e8b465ee728b)  -> (artifact id: '7147de53c8cadab9025f4d42849722f8') in 0.045258 seconds 
  Import took 0.049230 seconds .

========================================================================
Received Import Request.
  Time since last request: 0.000191 seconds.
  path: Assets/images/KakaoTalk_20211011_163134885.png
  artifactKey: Guid(c84bfd991a1dfae448fe36790ba168ac) Importer(815301076,1909f56bfc062723c751e8b465ee728b)
Start importing Assets/images/KakaoTalk_20211011_163134885.png using Guid(c84bfd991a1dfae448fe36790ba168ac) Importer(815301076,1909f56bfc062723c751e8b465ee728b)  -> (artifact id: '2c357a6bb73b27a5ab47e2c7b6b1f4cd') in 0.030600 seconds 
  Import took 0.036330 seconds .

========================================================================
Received Import Request.
  Time since last request: 0.000507 seconds.
  path: Assets/images/left3.png
  artifactKey: Guid(3b48c31cb6b4e9341a091f97441c743f) Importer(815301076,1909f56bfc062723c751e8b465ee728b)
Start importing Assets/images/left3.png using Guid(3b48c31cb6b4e9341a091f97441c743f) Importer(815301076,1909f56bfc062723c751e8b465ee728b)  -> (artifact id: '0acd6db81ea0311cadf9cac0ad7bfdcc') in 0.028620 seconds 
  Import took 0.035771 seconds .

========================================================================
Received Import Request.
  Time since last request: 0.000337 seconds.
  path: Assets/images/Background/bg2.png
  artifactKey: Guid(24744edff7367af49b7de76d91d97947) Importer(815301076,1909f56bfc062723c751e8b465ee728b)
Start importing Assets/images/Background/bg2.png using Guid(24744edff7367af49b7de76d91d97947) Importer(815301076,1909f56bfc062723c751e8b465ee728b)  -> (artifact id: '3b3e076696b6f886437ab00b9d04b53d') in 0.032489 seconds 
  Import took 0.037999 seconds .

========================================================================
Received Import Request.
  Time since last request: 0.000144 seconds.
  path: Assets/images/newbg3_1.png
  artifactKey: Guid(29af07ee7aaf8b84d83a7d519b7ec19b) Importer(815301076,1909f56bfc062723c751e8b465ee728b)
Start importing Assets/images/newbg3_1.png using Guid(29af07ee7aaf8b84d83a7d519b7ec19b) Importer(815301076,1909f56bfc062723c751e8b465ee728b)  -> (artifact id: 'cfbc0ca28c26756ad8e7aaa1f83d2845') in 0.037794 seconds 
  Import took 0.041843 seconds .

========================================================================
Received Import Request.
  Time since last request: 0.000317 seconds.
  path: Assets/images/new hoop/new hoop2.png
  artifactKey: Guid(ed84eb40ee78d154baa611aaf521d451) Importer(815301076,1909f56bfc062723c751e8b465ee728b)
Start importing Assets/images/new hoop/new hoop2.png using Guid(ed84eb40ee78d154baa611aaf521d451) Importer(815301076,1909f56bfc062723c751e8b465ee728b)  -> (artifact id: '9b001f607de0c761e7a76ea72c58931d') in 0.021628 seconds 
  Import took 0.027819 seconds .

========================================================================
Received Import Request.
  Time since last request: 0.000191 seconds.
  path: Assets/images/Coin/c3.png
  artifactKey: Guid(4b9e8546c4afafa43b0e40dcde61e61f) Importer(815301076,1909f56bfc062723c751e8b465ee728b)
Start importing Assets/images/Coin/c3.png using Guid(4b9e8546c4afafa43b0e40dcde61e61f) Importer(815301076,1909f56bfc062723c751e8b465ee728b)  -> (artifact id: 'f5888605234a0e3752bfa247e0923b27') in 0.024831 seconds 
  Import took 0.029901 seconds .

========================================================================
Received Import Request.
  Time since last request: 0.000485 seconds.
  path: Assets/images/toggle off.png
  artifactKey: Guid(9c11e9664f37f6d47835d66f82245d5b) Importer(815301076,1909f56bfc062723c751e8b465ee728b)
Start importing Assets/images/toggle off.png using Guid(9c11e9664f37f6d47835d66f82245d5b) Importer(815301076,1909f56bfc062723c751e8b465ee728b)  -> (artifact id: '76cf6f86eb868ef9eb8c622cbad6db58') in 0.015495 seconds 
  Import took 0.019475 seconds .

========================================================================
Received Import Request.
  Time since last request: 0.000142 seconds.
  path: Assets/images/Main/quit_btnxxxhdpi.png
  artifactKey: Guid(2152675e9c373f748936a308f42385cd) Importer(815301076,1909f56bfc062723c751e8b465ee728b)
Start importing Assets/images/Main/quit_btnxxxhdpi.png using Guid(2152675e9c373f748936a308f42385cd) Importer(815301076,1909f56bfc062723c751e8b465ee728b)  -> (artifact id: '17644bc549ecd0876e7d14d5df5bcb28') in 0.033475 seconds 
  Import took 0.036722 seconds .

========================================================================
Received Import Request.
  Time since last request: 0.000164 seconds.
  path: Assets/images/Main/start_bgxxxhdpi.png
  artifactKey: Guid(53d5e9e27f3cff04bbc604ee1da6eb7f) Importer(815301076,1909f56bfc062723c751e8b465ee728b)
Start importing Assets/images/Main/start_bgxxxhdpi.png using Guid(53d5e9e27f3cff04bbc604ee1da6eb7f) Importer(815301076,1909f56bfc062723c751e8b465ee728b)  -> (artifact id: '471d728fe50e33a5503ccf3c687f5017') in 0.040004 seconds 
  Import took 0.043845 seconds .

========================================================================
Received Import Request.
  Time since last request: 0.000165 seconds.
  path: Assets/images/hoop.png
  artifactKey: Guid(68dd32b39651d724b8af0931017bc7a5) Importer(815301076,1909f56bfc062723c751e8b465ee728b)
Start importing Assets/images/hoop.png using Guid(68dd32b39651d724b8af0931017bc7a5) Importer(815301076,1909f56bfc062723c751e8b465ee728b)  -> (artifact id: '8d68f525843ef754033394a2704023ec') in 0.027713 seconds 
  Import took 0.031759 seconds .

========================================================================
Received Import Request.
  Time since last request: 0.000255 seconds.
  path: Assets/images/main_shop.png
  artifactKey: Guid(71e4419b39b211c49824d5dd118ba315) Importer(815301076,1909f56bfc062723c751e8b465ee728b)
Start importing Assets/images/main_shop.png using Guid(71e4419b39b211c49824d5dd118ba315) Importer(815301076,1909f56bfc062723c751e8b465ee728b)  -> (artifact id: 'bdf63b04653d7b4c50b898fcbf8d68d6') in 0.020575 seconds 
  Import took 0.027109 seconds .

========================================================================
Received Import Request.
  Time since last request: 0.000193 seconds.
  path: Assets/images/Main/quit_pressed_btnxxxhdpi.png
  artifactKey: Guid(6bc7377354f75e042be24444fb1e2180) Importer(815301076,1909f56bfc062723c751e8b465ee728b)
Start importing Assets/images/Main/quit_pressed_btnxxxhdpi.png using Guid(6bc7377354f75e042be24444fb1e2180) Importer(815301076,1909f56bfc062723c751e8b465ee728b)  -> (artifact id: '76c55e36c69ecf92663d576e5f1af1a2') in 0.026474 seconds 
  Import took 0.030335 seconds .

========================================================================
Received Import Request.
  Time since last request: 0.000312 seconds.
  path: Assets/images/Tutorial_RightTab@3x.png
  artifactKey: Guid(1c7fb58bd10b1b84cb95f27071a411bb) Importer(815301076,1909f56bfc062723c751e8b465ee728b)
Start importing Assets/images/Tutorial_RightTab@3x.png using Guid(1c7fb58bd10b1b84cb95f27071a411bb) Importer(815301076,1909f56bfc062723c751e8b465ee728b)  -> (artifact id: 'bb4ccb9a07c879db2a4792c13047ba36') in 0.033250 seconds 
  Import took 0.036910 seconds .

========================================================================
Received Import Request.
  Time since last request: 0.000182 seconds.
  path: Assets/images/Main/tab_right_2_motionxxxhdpi.png
  artifactKey: Guid(b8ebffaa00be5cf4d8e2b874c013e84d) Importer(815301076,1909f56bfc062723c751e8b465ee728b)
Start importing Assets/images/Main/tab_right_2_motionxxxhdpi.png using Guid(b8ebffaa00be5cf4d8e2b874c013e84d) Importer(815301076,1909f56bfc062723c751e8b465ee728b)  -> (artifact id: 'a6ac01a2ab0290935ede91be1f5d9e63') in 0.021415 seconds 
  Import took 0.024820 seconds .

========================================================================
Received Import Request.
  Time since last request: 0.000524 seconds.
  path: Assets/KakaoTalk_20210930_022913087_02.png
  artifactKey: Guid(8aa49f01d19f81749aa1575de5053145) Importer(815301076,1909f56bfc062723c751e8b465ee728b)
Start importing Assets/KakaoTalk_20210930_022913087_02.png using Guid(8aa49f01d19f81749aa1575de5053145) Importer(815301076,1909f56bfc062723c751e8b465ee728b)  -> (artifact id: '3dd4ce29beca616526c328270bdcefba') in 0.023497 seconds 
  Import took 0.028488 seconds .

========================================================================
Received Import Request.
  Time since last request: 0.000199 seconds.
  path: Assets/images/Main/tab_left_1_motionxxxhdpi.png
  artifactKey: Guid(dc7ba2dbf1e4c384098786d8c7450442) Importer(815301076,1909f56bfc062723c751e8b465ee728b)
Start importing Assets/images/Main/tab_left_1_motionxxxhdpi.png using Guid(dc7ba2dbf1e4c384098786d8c7450442) Importer(815301076,1909f56bfc062723c751e8b465ee728b)  -> (artifact id: '5dba3b1efe93cfd25785bde941c728e9') in 0.030641 seconds 
  Import took 0.034848 seconds .

========================================================================
Received Import Request.
  Time since last request: 0.000257 seconds.
  path: Assets/images/pause_btnxxxhdpi.png
  artifactKey: Guid(c9ac00522f2588842a24107e6553af82) Importer(815301076,1909f56bfc062723c751e8b465ee728b)
Start importing Assets/images/pause_btnxxxhdpi.png using Guid(c9ac00522f2588842a24107e6553af82) Importer(815301076,1909f56bfc062723c751e8b465ee728b)  -> (artifact id: 'ccde3aee68cb7a3c02290da2b5886562') in 0.017834 seconds 
  Import took 0.023294 seconds .

========================================================================
Received Import Request.
  Time since last request: 0.000206 seconds.
  path: Assets/images/new hoop/new hoop1_1.png
  artifactKey: Guid(068e13a3c4964d64b821a0b5eebcd7be) Importer(815301076,1909f56bfc062723c751e8b465ee728b)
Start importing Assets/images/new hoop/new hoop1_1.png using Guid(068e13a3c4964d64b821a0b5eebcd7be) Importer(815301076,1909f56bfc062723c751e8b465ee728b)  -> (artifact id: '94c8f5acc639c644f81493fb80e40c11') in 0.021180 seconds 
  Import took 0.026505 seconds .

========================================================================
Received Import Request.
  Time since last request: 0.000201 seconds.
  path: Assets/bg3.png
  artifactKey: Guid(0cd16c251dc200242be51b5c24d1cdec) Importer(815301076,1909f56bfc062723c751e8b465ee728b)
Start importing Assets/bg3.png using Guid(0cd16c251dc200242be51b5c24d1cdec) Importer(815301076,1909f56bfc062723c751e8b465ee728b)  -> (artifact id: 'b01be76aa2dc899334f5f0ed25a72699') in 0.044591 seconds 
  Import took 0.050017 seconds .

========================================================================
Received Import Request.
  Time since last request: 0.000172 seconds.
  path: Assets/images/Background/bg_main.png
  artifactKey: Guid(69b5864506d6dd84ab2a0e051065984c) Importer(815301076,1909f56bfc062723c751e8b465ee728b)
Start importing Assets/images/Background/bg_main.png using Guid(69b5864506d6dd84ab2a0e051065984c) Importer(815301076,1909f56bfc062723c751e8b465ee728b)  -> (artifact id: '0768bf0f892c02af83f31c9612981e2b') in 0.042774 seconds 
  Import took 0.047189 seconds .

========================================================================
Received Import Request.
  Time since last request: 0.000169 seconds.
  path: Assets/images/Background/bg1.png
  artifactKey: Guid(88b1aace373269345904b6fbbd208d66) Importer(815301076,1909f56bfc062723c751e8b465ee728b)
Start importing Assets/images/Background/bg1.png using Guid(88b1aace373269345904b6fbbd208d66) Importer(815301076,1909f56bfc062723c751e8b465ee728b)  -> (artifact id: '90e4478efd66a58333030d67a1108312') in 0.020219 seconds 
  Import took 0.024832 seconds .

========================================================================
Received Import Request.
  Time since last request: 0.000373 seconds.
  path: Assets/images/new hoop/new hoop1.png
  artifactKey: Guid(3e1f571db09ce284eb4eab91b1114629) Importer(815301076,1909f56bfc062723c751e8b465ee728b)
Start importing Assets/images/new hoop/new hoop1.png using Guid(3e1f571db09ce284eb4eab91b1114629) Importer(815301076,1909f56bfc062723c751e8b465ee728b)  -> (artifact id: '88390417edfda24650d713fd7c441c05') in 0.015559 seconds 
  Import took 0.019360 seconds .

========================================================================
Received Import Request.
  Time since last request: 0.000132 seconds.
  path: Assets/images/Main/setting_pressed_btnxxxhdpi.png
  artifactKey: Guid(33cdbec6a9c147045865e44ea3634f2c) Importer(815301076,1909f56bfc062723c751e8b465ee728b)
Start importing Assets/images/Main/setting_pressed_btnxxxhdpi.png using Guid(33cdbec6a9c147045865e44ea3634f2c) Importer(815301076,1909f56bfc062723c751e8b465ee728b)  -> (artifact id: '1cf33d434b5fa85aa07f6cb0529e7765') in 0.032092 seconds 
  Import took 0.035322 seconds .

========================================================================
Received Import Request.
  Time since last request: 0.000258 seconds.
  path: Assets/images/stop.png
  artifactKey: Guid(da07f13f95fc87e489bb3bc2757a3353) Importer(815301076,1909f56bfc062723c751e8b465ee728b)
Start importing Assets/images/stop.png using Guid(da07f13f95fc87e489bb3bc2757a3353) Importer(815301076,1909f56bfc062723c751e8b465ee728b)  -> (artifact id: 'e88e587fcd991714ff5d3f0384c8ffd8') in 0.028531 seconds 
  Import took 0.033682 seconds .

========================================================================
Received Import Request.
  Time since last request: 0.000311 seconds.
  path: Assets/images/Play_Btn@3x.png
  artifactKey: Guid(5faf168cbe8b4f14cbfcccb86e7cb1a5) Importer(815301076,1909f56bfc062723c751e8b465ee728b)
Start importing Assets/images/Play_Btn@3x.png using Guid(5faf168cbe8b4f14cbfcccb86e7cb1a5) Importer(815301076,1909f56bfc062723c751e8b465ee728b)  -> (artifact id: '44f5c0012105f6f060b6d4442690a36c') in 0.016141 seconds 
  Import took 0.020946 seconds .

========================================================================
Received Import Request.
  Time since last request: 0.000227 seconds.
  path: Assets/bg_main.png
  artifactKey: Guid(8ea530cdd2aefff4e9b29a21b494ed76) Importer(815301076,1909f56bfc062723c751e8b465ee728b)
Start importing Assets/bg_main.png using Guid(8ea530cdd2aefff4e9b29a21b494ed76) Importer(815301076,1909f56bfc062723c751e8b465ee728b)  -> (artifact id: '4c0decd2d6b45df88e9a49f112805d67') in 0.016087 seconds 
  Import took 0.021049 seconds .

========================================================================
Received Import Request.
  Time since last request: 0.000432 seconds.
  path: Assets/images/Quit_Btn@3x.png
  artifactKey: Guid(18aa1f3d853c4a049baa83f2ba54736e) Importer(815301076,1909f56bfc062723c751e8b465ee728b)
Start importing Assets/images/Quit_Btn@3x.png using Guid(18aa1f3d853c4a049baa83f2ba54736e) Importer(815301076,1909f56bfc062723c751e8b465ee728b)  -> (artifact id: '7005ab81875f2ef2ce92d54b5f163281') in 0.016053 seconds 
  Import took 0.020064 seconds .

========================================================================
Received Import Request.
  Time since last request: 0.000261 seconds.
  path: Assets/images/Coin/c1.png
  artifactKey: Guid(e07b5c5f60932674ea235eb8bcd4a076) Importer(815301076,1909f56bfc062723c751e8b465ee728b)
Start importing Assets/images/Coin/c1.png using Guid(e07b5c5f60932674ea235eb8bcd4a076) Importer(815301076,1909f56bfc062723c751e8b465ee728b)  -> (artifact id: '37bced5abfbacc7ac4340b17f2a39313') in 0.023713 seconds 
  Import took 0.027292 seconds .

========================================================================
Received Import Request.
  Time since last request: 0.000210 seconds.
  path: Assets/images/Coin/c2.png
  artifactKey: Guid(50bc809154dd17f48bf28c7695678e7d) Importer(815301076,1909f56bfc062723c751e8b465ee728b)
Start importing Assets/images/Coin/c2.png using Guid(50bc809154dd17f48bf28c7695678e7d) Importer(815301076,1909f56bfc062723c751e8b465ee728b)  -> (artifact id: 'e8e39e35c3b3f6c18faf34d28b9308a9') in 0.025667 seconds 
  Import took 0.029871 seconds .

========================================================================
Received Import Request.
  Time since last request: 0.000158 seconds.
  path: Assets/images/Background/bg3.png
  artifactKey: Guid(ebc2399ed5730f443bafd486085cfdb4) Importer(815301076,1909f56bfc062723c751e8b465ee728b)
Start importing Assets/images/Background/bg3.png using Guid(ebc2399ed5730f443bafd486085cfdb4) Importer(815301076,1909f56bfc062723c751e8b465ee728b)  -> (artifact id: '610786559cbe876d42e88f6ab40911db') in 0.020339 seconds 
  Import took 0.023601 seconds .

========================================================================
Received Import Request.
  Time since last request: 0.000166 seconds.
  path: Assets/images/Main/tab_left_2_motionxxxhdpi.png
  artifactKey: Guid(5a55e4c6f098a084fbb2d9f514070dab) Importer(815301076,1909f56bfc062723c751e8b465ee728b)
Start importing Assets/images/Main/tab_left_2_motionxxxhdpi.png using Guid(5a55e4c6f098a084fbb2d9f514070dab) Importer(815301076,1909f56bfc062723c751e8b465ee728b)  -> (artifact id: '03d3149374f231ae300dd27967a00502') in 0.033000 seconds 
  Import took 0.036749 seconds .

========================================================================
Received Import Request.
  Time since last request: 0.000175 seconds.
  path: Assets/TextMesh Pro/Sprites/EmojiOne.png
  artifactKey: Guid(dffef66376be4fa480fb02b19edbe903) Importer(815301076,1909f56bfc062723c751e8b465ee728b)
Start importing Assets/TextMesh Pro/Sprites/EmojiOne.png using Guid(dffef66376be4fa480fb02b19edbe903) Importer(815301076,1909f56bfc062723c751e8b465ee728b)  -> (artifact id: 'a0dbaa574b3973b052311593e90d6229') in 0.015215 seconds 
  Import took 0.020748 seconds .

========================================================================
Received Import Request.
  Time since last request: 0.000145 seconds.
  path: Assets/images/aa 1.jpg
  artifactKey: Guid(2e75788b3ae46fa4a8d3326d5216c74c) Importer(815301076,1909f56bfc062723c751e8b465ee728b)
Start importing Assets/images/aa 1.jpg using Guid(2e75788b3ae46fa4a8d3326d5216c74c) Importer(815301076,1909f56bfc062723c751e8b465ee728b)  -> (artifact id: '487a76358522edca93d2144fa9aec0e4') in 0.025502 seconds 
  Import took 0.029492 seconds .

========================================================================
Received Import Request.
  Time since last request: 0.000228 seconds.
  path: Assets/images/left2.png
  artifactKey: Guid(af8f8cbdbd3f66f4794c4d557caadff4) Importer(815301076,1909f56bfc062723c751e8b465ee728b)
Start importing Assets/images/left2.png using Guid(af8f8cbdbd3f66f4794c4d557caadff4) Importer(815301076,1909f56bfc062723c751e8b465ee728b)  -> (artifact id: '72d458d8e23c448d60536ed6201e4bf7') in 0.018967 seconds 
  Import took 0.023961 seconds .

========================================================================
Received Import Request.
  Time since last request: 0.000364 seconds.
  path: Assets/Animations/tab_right_1_motionxxxhdpi.png
  artifactKey: Guid(01de69942a1adc74a88c8eb50e2f1f7a) Importer(815301076,1909f56bfc062723c751e8b465ee728b)
Start importing Assets/Animations/tab_right_1_motionxxxhdpi.png using Guid(01de69942a1adc74a88c8eb50e2f1f7a) Importer(815301076,1909f56bfc062723c751e8b465ee728b)  -> (artifact id: '81cb011b986158900878fc25fab3ab4c') in 0.028593 seconds 
  Import took 0.032260 seconds .

========================================================================
Received Import Request.
  Time since last request: 0.000218 seconds.
  path: Assets/Animations/off2@3x.png
  artifactKey: Guid(af6116da1b70edd408c4145dccb94054) Importer(815301076,1909f56bfc062723c751e8b465ee728b)
Start importing Assets/Animations/off2@3x.png using Guid(af6116da1b70edd408c4145dccb94054) Importer(815301076,1909f56bfc062723c751e8b465ee728b)  -> (artifact id: 'e7258489cf9d5daeae3e67ec0c06d6bd') in 0.018198 seconds 
  Import took 0.022712 seconds .

========================================================================
Received Import Request.
  Time since last request: 0.000176 seconds.
  path: Assets/images/main_play.png
  artifactKey: Guid(114f625f7912d104bb08ea69db503a7b) Importer(815301076,1909f56bfc062723c751e8b465ee728b)
Start importing Assets/images/main_play.png using Guid(114f625f7912d104bb08ea69db503a7b) Importer(815301076,1909f56bfc062723c751e8b465ee728b)  -> (artifact id: '728d0efdf756bc18af86d7d0198605c7') in 0.024313 seconds 
  Import took 0.027772 seconds .

========================================================================
Received Import Request.
  Time since last request: 0.000296 seconds.
  path: Assets/images/Setting_Btn@3x.png
  artifactKey: Guid(7d1f598e804030547933a74e0a347dee) Importer(815301076,1909f56bfc062723c751e8b465ee728b)
Start importing Assets/images/Setting_Btn@3x.png using Guid(7d1f598e804030547933a74e0a347dee) Importer(815301076,1909f56bfc062723c751e8b465ee728b)  -> (artifact id: '80cb94ede1fcf6f4d0df919fa0feba88') in 0.017945 seconds 
  Import took 0.022072 seconds .

========================================================================
Received Import Request.
  Time since last request: 0.000280 seconds.
  path: Assets/images/hoop2.png
  artifactKey: Guid(34e3d2f18023e4648b779b305d10c57b) Importer(815301076,1909f56bfc062723c751e8b465ee728b)
Start importing Assets/images/hoop2.png using Guid(34e3d2f18023e4648b779b305d10c57b) Importer(815301076,1909f56bfc062723c751e8b465ee728b)  -> (artifact id: 'db96cacb0e4186d55a163ef1f994e3e8') in 0.018173 seconds 
  Import took 0.022100 seconds .

========================================================================
Received Import Request.
  Time since last request: 0.000276 seconds.
  path: Assets/images/Main/tab_right_1_motionxxxhdpi.png
  artifactKey: Guid(847ade58a14449042b42d9dc8e72c71b) Importer(815301076,1909f56bfc062723c751e8b465ee728b)
Start importing Assets/images/Main/tab_right_1_motionxxxhdpi.png using Guid(847ade58a14449042b42d9dc8e72c71b) Importer(815301076,1909f56bfc062723c751e8b465ee728b)  -> (artifact id: 'faf28ca99af7ce67d67f6a85a46b8535') in 0.019643 seconds 
  Import took 0.023409 seconds .

========================================================================
Received Import Request.
  Time since last request: 0.000130 seconds.
  path: Assets/images/MainHome_Btn@3x.png
  artifactKey: Guid(2f0b32afb12c4d04db84395dc3742324) Importer(815301076,1909f56bfc062723c751e8b465ee728b)
Start importing Assets/images/MainHome_Btn@3x.png using Guid(2f0b32afb12c4d04db84395dc3742324) Importer(815301076,1909f56bfc062723c751e8b465ee728b)  -> (artifact id: '418b920a78ac34ae46eeb15cb979ed99') in 0.019870 seconds 
  Import took 0.024843 seconds .

========================================================================
Received Import Request.
  Time since last request: 0.000181 seconds.
  path: Assets/images/Quit_Btn@3x 1.png
  artifactKey: Guid(9754714b94b3a5e499bbe407cd0909c6) Importer(815301076,1909f56bfc062723c751e8b465ee728b)
Start importing Assets/images/Quit_Btn@3x 1.png using Guid(9754714b94b3a5e499bbe407cd0909c6) Importer(815301076,1909f56bfc062723c751e8b465ee728b)  -> (artifact id: '7d741806e9487017681ccea557279466') in 0.022521 seconds 
  Import took 0.027729 seconds .

========================================================================
Received Import Request.
  Time since last request: 0.000299 seconds.
  path: Assets/images/Main/Dbounce_logoxxxhdpi.png
  artifactKey: Guid(27485405e2aea944a8fdb099c9e787e4) Importer(815301076,1909f56bfc062723c751e8b465ee728b)
Start importing Assets/images/Main/Dbounce_logoxxxhdpi.png using Guid(27485405e2aea944a8fdb099c9e787e4) Importer(815301076,1909f56bfc062723c751e8b465ee728b)  -> (artifact id: '9ee9fdd20e6f88017f7b9677aea835aa') in 0.022475 seconds 
  Import took 0.026230 seconds .

========================================================================
Received Import Request.
  Time since last request: 0.000149 seconds.
  path: Assets/images/Main/ball_left_2_motionxxxhdpi.png
  artifactKey: Guid(c0192013de65ea24492f6b70be9e2957) Importer(815301076,1909f56bfc062723c751e8b465ee728b)
Start importing Assets/images/Main/ball_left_2_motionxxxhdpi.png using Guid(c0192013de65ea24492f6b70be9e2957) Importer(815301076,1909f56bfc062723c751e8b465ee728b)  -> (artifact id: '4b4f7f8e89c745b1972d87df1d20e4db') in 0.023518 seconds 
  Import took 0.028451 seconds .

========================================================================
Received Import Request.
  Time since last request: 0.000165 seconds.
  path: Assets/Animations/off1@3x.png
  artifactKey: Guid(0c01bb31a1a8b1d48b13c83debde090b) Importer(815301076,1909f56bfc062723c751e8b465ee728b)
Start importing Assets/Animations/off1@3x.png using Guid(0c01bb31a1a8b1d48b13c83debde090b) Importer(815301076,1909f56bfc062723c751e8b465ee728b)  -> (artifact id: 'dcaeda09e6c84cf0c68209af79fe6534') in 0.018136 seconds 
  Import took 0.022449 seconds .

========================================================================
Received Import Request.
  Time since last request: 0.000502 seconds.
  path: Assets/images/Main/play_btnxxxhdpi.png
  artifactKey: Guid(c24d520305550564a9b822f2a5c4f369) Importer(815301076,1909f56bfc062723c751e8b465ee728b)
Start importing Assets/images/Main/play_btnxxxhdpi.png using Guid(c24d520305550564a9b822f2a5c4f369) Importer(815301076,1909f56bfc062723c751e8b465ee728b)  -> (artifact id: 'a5710ed0bae50b5e71418693e7249fba') in 0.035606 seconds 
  Import took 0.041593 seconds .

========================================================================
Received Import Request.
  Time since last request: 36.169111 seconds.
  path: Assets/images/디바운스-게임_아이콘png24.png
  artifactKey: Guid(a0360769a582a0644b4335f60440b16a) Importer(815301076,1909f56bfc062723c751e8b465ee728b)
Start importing Assets/images/디바운스-게임_아이콘png24.png using Guid(a0360769a582a0644b4335f60440b16a) Importer(815301076,1909f56bfc062723c751e8b465ee728b)  -> (artifact id: '33e9be5664d3b6d4adeb009deda448ec') in 0.022726 seconds 
  Import took 0.026570 seconds .

========================================================================
Received Prepare
Refreshing native plugins compatible for Editor in 7.46 ms, found 3 plugins.
Preloading 0 native plugins for Editor in 0.00 ms.
Unloading 35 Unused Serialized files (Serialized files now loaded: 0)
System memory in use before: 57.5 MB.
System memory in use after: 57.7 MB.

Unloading 35 unused Assets to reduce memory usage. Loaded Objects now: 2763.
Total: 3.746400 ms (FindLiveObjects: 0.242000 ms CreateObjectMapping: 0.106000 ms MarkObjects: 3.371000 ms  DeleteObjects: 0.025800 ms)

AssetImportParameters requested are different than current active one (requested -> active):
  custom:framework-win-MediaFoundation: 216162199b28c13a410421893ffa2e32 -> 
  custom:video-decoder-ogg-theora: a1e56fd34408186e4bbccfd4996cb3dc -> 
  custom:container-muxer-webm: aa71ff27fc2769a1b78a27578f13a17b -> 
  custom:container-demuxer-webm: 4f35f7cbe854078d1ac9338744f61a02 -> 
  custom:container-demuxer-ogg: 62fdf1f143b41e24485cea50d1cbac27 -> 
  custom:video-encoder-webm-vp8: eb34c28f22e8b96e1ab97ce403110664 -> 
  custom:video-decoder-webm-vp8: 9c59270c3fd7afecdb556c50c9e8de78 -> 
  custom:audio-decoder-ogg-vorbis: bf7c407c2cedff20999df2af8eb42d56 -> 
  custom:audio-encoder-webm-vorbis: bf7c407c2cedff20999df2af8eb42d56 -> 
========================================================================
Received Prepare
Refreshing native plugins compatible for Editor in 9.16 ms, found 3 plugins.
Preloading 0 native plugins for Editor in 0.00 ms.
Unloading 35 Unused Serialized files (Serialized files now loaded: 0)
System memory in use before: 57.5 MB.
System memory in use after: 57.7 MB.

Unloading 35 unused Assets to reduce memory usage. Loaded Objects now: 2763.
Total: 44.002000 ms (FindLiveObjects: 0.394200 ms CreateObjectMapping: 0.102400 ms MarkObjects: 43.450400 ms  DeleteObjects: 0.053300 ms)

AssetImportParameters requested are different than current active one (requested -> active):
  custom:framework-win-MediaFoundation: 216162199b28c13a410421893ffa2e32 -> 
  custom:video-decoder-ogg-theora: a1e56fd34408186e4bbccfd4996cb3dc -> 
  custom:container-muxer-webm: aa71ff27fc2769a1b78a27578f13a17b -> 
  custom:container-demuxer-webm: 4f35f7cbe854078d1ac9338744f61a02 -> 
  custom:container-demuxer-ogg: 62fdf1f143b41e24485cea50d1cbac27 -> 
  custom:video-encoder-webm-vp8: eb34c28f22e8b96e1ab97ce403110664 -> 
  custom:video-decoder-webm-vp8: 9c59270c3fd7afecdb556c50c9e8de78 -> 
  custom:audio-decoder-ogg-vorbis: bf7c407c2cedff20999df2af8eb42d56 -> 
  custom:audio-encoder-webm-vorbis: bf7c407c2cedff20999df2af8eb42d56 -> 
========================================================================
Received Prepare
Refreshing native plugins compatible for Editor in 8.14 ms, found 3 plugins.
Preloading 0 native plugins for Editor in 0.00 ms.
Unloading 35 Unused Serialized files (Serialized files now loaded: 0)
System memory in use before: 57.5 MB.
System memory in use after: 57.7 MB.

Unloading 35 unused Assets to reduce memory usage. Loaded Objects now: 2763.
Total: 3.830700 ms (FindLiveObjects: 0.507900 ms CreateObjectMapping: 0.107700 ms MarkObjects: 3.197400 ms  DeleteObjects: 0.016600 ms)

AssetImportParameters requested are different than current active one (requested -> active):
  custom:framework-win-MediaFoundation: 216162199b28c13a410421893ffa2e32 -> 
  custom:video-decoder-ogg-theora: a1e56fd34408186e4bbccfd4996cb3dc -> 
  custom:container-muxer-webm: aa71ff27fc2769a1b78a27578f13a17b -> 
  custom:container-demuxer-webm: 4f35f7cbe854078d1ac9338744f61a02 -> 
  custom:container-demuxer-ogg: 62fdf1f143b41e24485cea50d1cbac27 -> 
  custom:video-encoder-webm-vp8: eb34c28f22e8b96e1ab97ce403110664 -> 
  custom:video-decoder-webm-vp8: 9c59270c3fd7afecdb556c50c9e8de78 -> 
  custom:audio-decoder-ogg-vorbis: bf7c407c2cedff20999df2af8eb42d56 -> 
  custom:audio-encoder-webm-vorbis: bf7c407c2cedff20999df2af8eb42d56 -> 
========================================================================
Received Prepare
Registering precompiled user dll's ...
Registered in 0.004544 seconds.
Begin MonoManager ReloadAssembly
Native extension for WindowsStandalone target not found
Refreshing native plugins compatible for Editor in 1.38 ms, found 3 plugins.
Preloading 0 native plugins for Editor in 0.00 ms.
Mono: successfully reloaded assembly
- Completed reload, in  1.553 seconds
Domain Reload Profiling:
	ReloadAssembly (1560ms)
		BeginReloadAssembly (523ms)
			ExecutionOrderSort (0ms)
			DisableScriptedObjects (140ms)
			BackupInstance (0ms)
			ReleaseScriptingObjects (1ms)
			CreateAndSetChildDomain (248ms)
		EndReloadAssembly (959ms)
			LoadAssemblies (108ms)
			RebuildTransferFunctionScriptingTraits (0ms)
			SetupTypeCache (318ms)
			ReleaseScriptCaches (2ms)
			RebuildScriptCaches (63ms)
			SetupLoadedEditorAssemblies (328ms)
				LogAssemblyErrors (0ms)
				InitializePlatformSupportModulesInManaged (8ms)
				SetLoadedEditorAssemblies (1ms)
				RefreshPlugins (1ms)
				BeforeProcessingInitializeOnLoad (108ms)
				ProcessInitializeOnLoadAttributes (200ms)
				ProcessInitializeOnLoadMethodAttributes (5ms)
				AfterProcessingInitializeOnLoad (5ms)
				EditorAssembliesLoaded (0ms)
			ExecutionOrderSort2 (0ms)
			AwakeInstancesAfterBackupRestoration (10ms)
Platform modules already initialized, skipping
Switching build target platform(19) subTarget(0) extendedPlatform(0) -> platform(13) subTarget(589824) extendedPlatform(0)
Refreshing native plugins compatible for Editor in 0.67 ms, found 3 plugins.
Preloading 0 native plugins for Editor in 0.00 ms.
Unloading 2260 Unused Serialized files (Serialized files now loaded: 0)
System memory in use before: 101.3 MB.
System memory in use after: 101.5 MB.

Unloading 37 unused Assets to reduce memory usage. Loaded Objects now: 2766.
Total: 2.756300 ms (FindLiveObjects: 0.281400 ms CreateObjectMapping: 0.109100 ms MarkObjects: 2.298900 ms  DeleteObjects: 0.065400 ms)

AssetImportParameters requested are different than current active one (requested -> active):
  custom:framework-win-MediaFoundation: 216162199b28c13a410421893ffa2e32 -> 
  custom:video-decoder-ogg-theora: a1e56fd34408186e4bbccfd4996cb3dc -> 
  custom:container-muxer-webm: aa71ff27fc2769a1b78a27578f13a17b -> 
  custom:container-demuxer-webm: 4f35f7cbe854078d1ac9338744f61a02 -> 
  custom:container-demuxer-ogg: 62fdf1f143b41e24485cea50d1cbac27 -> 
  custom:video-encoder-webm-vp8: eb34c28f22e8b96e1ab97ce403110664 -> 
  custom:video-decoder-webm-vp8: 9c59270c3fd7afecdb556c50c9e8de78 -> 
  custom:graphics/normal-map-encoding: 01000000000000000000000000000000 -> 02000000000000000000000000000000
  custom:audio-decoder-ogg-vorbis: bf7c407c2cedff20999df2af8eb42d56 -> 
  custom:audio-encoder-webm-vorbis: bf7c407c2cedff20999df2af8eb42d56 -> 
========================================================================
Received Prepare
Registering precompiled user dll's ...
Registered in 0.002664 seconds.
Begin MonoManager ReloadAssembly
Native extension for WindowsStandalone target not found
Refreshing native plugins compatible for Editor in 0.96 ms, found 3 plugins.
Preloading 0 native plugins for Editor in 0.00 ms.
Mono: successfully reloaded assembly
- Completed reload, in  0.976 seconds
Domain Reload Profiling:
	ReloadAssembly (976ms)
		BeginReloadAssembly (103ms)
			ExecutionOrderSort (0ms)
			DisableScriptedObjects (6ms)
			BackupInstance (0ms)
			ReleaseScriptingObjects (0ms)
			CreateAndSetChildDomain (32ms)
		EndReloadAssembly (817ms)
			LoadAssemblies (94ms)
			RebuildTransferFunctionScriptingTraits (0ms)
			SetupTypeCache (251ms)
			ReleaseScriptCaches (1ms)
			RebuildScriptCaches (48ms)
			SetupLoadedEditorAssemblies (267ms)
				LogAssemblyErrors (0ms)
				InitializePlatformSupportModulesInManaged (4ms)
				SetLoadedEditorAssemblies (0ms)
				RefreshPlugins (1ms)
				BeforeProcessingInitializeOnLoad (74ms)
				ProcessInitializeOnLoadAttributes (177ms)
				ProcessInitializeOnLoadMethodAttributes (5ms)
				AfterProcessingInitializeOnLoad (5ms)
				EditorAssembliesLoaded (0ms)
			ExecutionOrderSort2 (0ms)
			AwakeInstancesAfterBackupRestoration (9ms)
Platform modules already initialized, skipping
Switching build target platform(19) subTarget(0) extendedPlatform(0) -> platform(13) subTarget(589824) extendedPlatform(0)
Refreshing native plugins compatible for Editor in 0.69 ms, found 3 plugins.
Preloading 0 native plugins for Editor in 0.00 ms.
Unloading 2260 Unused Serialized files (Serialized files now loaded: 0)
System memory in use before: 101.3 MB.
System memory in use after: 101.6 MB.

Unloading 37 unused Assets to reduce memory usage. Loaded Objects now: 2769.
Total: 2.924900 ms (FindLiveObjects: 0.266500 ms CreateObjectMapping: 0.116200 ms MarkObjects: 2.490000 ms  DeleteObjects: 0.051100 ms)

AssetImportParameters requested are different than current active one (requested -> active):
  custom:framework-win-MediaFoundation: 216162199b28c13a410421893ffa2e32 -> 
  custom:video-decoder-ogg-theora: a1e56fd34408186e4bbccfd4996cb3dc -> 
  custom:container-muxer-webm: aa71ff27fc2769a1b78a27578f13a17b -> 
  custom:container-demuxer-webm: 4f35f7cbe854078d1ac9338744f61a02 -> 
  custom:container-demuxer-ogg: 62fdf1f143b41e24485cea50d1cbac27 -> 
  custom:video-encoder-webm-vp8: eb34c28f22e8b96e1ab97ce403110664 -> 
  custom:video-decoder-webm-vp8: 9c59270c3fd7afecdb556c50c9e8de78 -> 
  custom:graphics/normal-map-encoding: 01000000000000000000000000000000 -> 02000000000000000000000000000000
  custom:audio-decoder-ogg-vorbis: bf7c407c2cedff20999df2af8eb42d56 -> 
  custom:audio-encoder-webm-vorbis: bf7c407c2cedff20999df2af8eb42d56 -> 
========================================================================
Received Prepare
Refreshing native plugins compatible for Editor in 14.57 ms, found 3 plugins.
Preloading 0 native plugins for Editor in 0.00 ms.
Unloading 35 Unused Serialized files (Serialized files now loaded: 0)
System memory in use before: 57.5 MB.
System memory in use after: 57.7 MB.

Unloading 35 unused Assets to reduce memory usage. Loaded Objects now: 2769.
Total: 3.177900 ms (FindLiveObjects: 0.214600 ms CreateObjectMapping: 0.092200 ms MarkObjects: 2.835100 ms  DeleteObjects: 0.034900 ms)

AssetImportParameters requested are different than current active one (requested -> active):
  custom:framework-win-MediaFoundation: 216162199b28c13a410421893ffa2e32 -> 
  custom:video-decoder-ogg-theora: a1e56fd34408186e4bbccfd4996cb3dc -> 
  custom:container-muxer-webm: aa71ff27fc2769a1b78a27578f13a17b -> 
  custom:container-demuxer-webm: 4f35f7cbe854078d1ac9338744f61a02 -> 
  custom:container-demuxer-ogg: 62fdf1f143b41e24485cea50d1cbac27 -> 
  custom:video-encoder-webm-vp8: eb34c28f22e8b96e1ab97ce403110664 -> 
  custom:video-decoder-webm-vp8: 9c59270c3fd7afecdb556c50c9e8de78 -> 
  custom:audio-decoder-ogg-vorbis: bf7c407c2cedff20999df2af8eb42d56 -> 
  custom:audio-encoder-webm-vorbis: bf7c407c2cedff20999df2af8eb42d56 -> 
========================================================================
Received Import Request.
  Time since last request: 2393.324420 seconds.
  path: Assets/Scenes/Game.unity
  artifactKey: Guid(2cda990e2423bbf4892e6590ba056729) Importer(815301076,1909f56bfc062723c751e8b465ee728b)
Start importing Assets/Scenes/Game.unity using Guid(2cda990e2423bbf4892e6590ba056729) Importer(815301076,1909f56bfc062723c751e8b465ee728b)  -> (artifact id: '571b21048f260b488fae167c9374eb88') in 0.063737 seconds 
  Import took 0.069265 seconds .

========================================================================
Received Prepare
Registering precompiled user dll's ...
Registered in 0.002603 seconds.
Begin MonoManager ReloadAssembly
Native extension for WindowsStandalone target not found
Refreshing native plugins compatible for Editor in 0.62 ms, found 3 plugins.
Preloading 0 native plugins for Editor in 0.00 ms.
Mono: successfully reloaded assembly
- Completed reload, in  0.864 seconds
Domain Reload Profiling:
	ReloadAssembly (865ms)
		BeginReloadAssembly (119ms)
			ExecutionOrderSort (0ms)
			DisableScriptedObjects (10ms)
			BackupInstance (0ms)
			ReleaseScriptingObjects (0ms)
			CreateAndSetChildDomain (48ms)
		EndReloadAssembly (697ms)
			LoadAssemblies (71ms)
			RebuildTransferFunctionScriptingTraits (0ms)
			SetupTypeCache (222ms)
			ReleaseScriptCaches (1ms)
			RebuildScriptCaches (37ms)
			SetupLoadedEditorAssemblies (257ms)
				LogAssemblyErrors (0ms)
				InitializePlatformSupportModulesInManaged (4ms)
				SetLoadedEditorAssemblies (0ms)
				RefreshPlugins (1ms)
				BeforeProcessingInitializeOnLoad (73ms)
				ProcessInitializeOnLoadAttributes (168ms)
				ProcessInitializeOnLoadMethodAttributes (5ms)
				AfterProcessingInitializeOnLoad (5ms)
				EditorAssembliesLoaded (0ms)
			ExecutionOrderSort2 (0ms)
			AwakeInstancesAfterBackupRestoration (10ms)
Platform modules already initialized, skipping
Switching build target platform(19) subTarget(0) extendedPlatform(0) -> platform(13) subTarget(589824) extendedPlatform(0)
Refreshing native plugins compatible for Editor in 0.58 ms, found 3 plugins.
Preloading 0 native plugins for Editor in 0.00 ms.
Unloading 2260 Unused Serialized files (Serialized files now loaded: 0)
System memory in use before: 101.4 MB.
System memory in use after: 101.6 MB.

Unloading 37 unused Assets to reduce memory usage. Loaded Objects now: 2772.
Total: 2.596500 ms (FindLiveObjects: 0.193100 ms CreateObjectMapping: 0.081200 ms MarkObjects: 2.268800 ms  DeleteObjects: 0.052600 ms)

AssetImportParameters requested are different than current active one (requested -> active):
  custom:framework-win-MediaFoundation: 216162199b28c13a410421893ffa2e32 -> 
  custom:video-decoder-ogg-theora: a1e56fd34408186e4bbccfd4996cb3dc -> 
  custom:container-muxer-webm: aa71ff27fc2769a1b78a27578f13a17b -> 
  custom:container-demuxer-webm: 4f35f7cbe854078d1ac9338744f61a02 -> 
  custom:container-demuxer-ogg: 62fdf1f143b41e24485cea50d1cbac27 -> 
  custom:video-encoder-webm-vp8: eb34c28f22e8b96e1ab97ce403110664 -> 
  custom:video-decoder-webm-vp8: 9c59270c3fd7afecdb556c50c9e8de78 -> 
  custom:graphics/normal-map-encoding: 01000000000000000000000000000000 -> 02000000000000000000000000000000
  custom:audio-decoder-ogg-vorbis: bf7c407c2cedff20999df2af8eb42d56 -> 
  custom:audio-encoder-webm-vorbis: bf7c407c2cedff20999df2af8eb42d56 -> 
========================================================================
Received Prepare
Registering precompiled user dll's ...
Registered in 0.002282 seconds.
Begin MonoManager ReloadAssembly
Native extension for WindowsStandalone target not found
Refreshing native plugins compatible for Editor in 0.69 ms, found 3 plugins.
Preloading 0 native plugins for Editor in 0.00 ms.
Mono: successfully reloaded assembly
- Completed reload, in  0.955 seconds
Domain Reload Profiling:
	ReloadAssembly (956ms)
		BeginReloadAssembly (97ms)
			ExecutionOrderSort (0ms)
			DisableScriptedObjects (5ms)
			BackupInstance (0ms)
			ReleaseScriptingObjects (0ms)
			CreateAndSetChildDomain (27ms)
		EndReloadAssembly (805ms)
			LoadAssemblies (70ms)
			RebuildTransferFunctionScriptingTraits (0ms)
			SetupTypeCache (265ms)
			ReleaseScriptCaches (1ms)
			RebuildScriptCaches (39ms)
			SetupLoadedEditorAssemblies (302ms)
				LogAssemblyErrors (0ms)
				InitializePlatformSupportModulesInManaged (5ms)
				SetLoadedEditorAssemblies (0ms)
				RefreshPlugins (1ms)
				BeforeProcessingInitializeOnLoad (90ms)
				ProcessInitializeOnLoadAttributes (194ms)
				ProcessInitializeOnLoadMethodAttributes (6ms)
				AfterProcessingInitializeOnLoad (5ms)
				EditorAssembliesLoaded (0ms)
			ExecutionOrderSort2 (0ms)
			AwakeInstancesAfterBackupRestoration (11ms)
Platform modules already initialized, skipping
Switching build target platform(19) subTarget(0) extendedPlatform(0) -> platform(13) subTarget(589824) extendedPlatform(0)
Refreshing native plugins compatible for Editor in 0.60 ms, found 3 plugins.
Preloading 0 native plugins for Editor in 0.00 ms.
Unloading 2260 Unused Serialized files (Serialized files now loaded: 0)
System memory in use before: 101.4 MB.
System memory in use after: 101.6 MB.

Unloading 37 unused Assets to reduce memory usage. Loaded Objects now: 2775.
Total: 2.958000 ms (FindLiveObjects: 0.202300 ms CreateObjectMapping: 0.123000 ms MarkObjects: 2.574700 ms  DeleteObjects: 0.057500 ms)

AssetImportParameters requested are different than current active one (requested -> active):
  custom:framework-win-MediaFoundation: 216162199b28c13a410421893ffa2e32 -> 
  custom:video-decoder-ogg-theora: a1e56fd34408186e4bbccfd4996cb3dc -> 
  custom:container-muxer-webm: aa71ff27fc2769a1b78a27578f13a17b -> 
  custom:container-demuxer-webm: 4f35f7cbe854078d1ac9338744f61a02 -> 
  custom:container-demuxer-ogg: 62fdf1f143b41e24485cea50d1cbac27 -> 
  custom:video-encoder-webm-vp8: eb34c28f22e8b96e1ab97ce403110664 -> 
  custom:video-decoder-webm-vp8: 9c59270c3fd7afecdb556c50c9e8de78 -> 
  custom:graphics/normal-map-encoding: 01000000000000000000000000000000 -> 02000000000000000000000000000000
  custom:audio-decoder-ogg-vorbis: bf7c407c2cedff20999df2af8eb42d56 -> 
  custom:audio-encoder-webm-vorbis: bf7c407c2cedff20999df2af8eb42d56 -> 
========================================================================
Received Prepare
Refreshing native plugins compatible for Editor in 7.21 ms, found 3 plugins.
Preloading 0 native plugins for Editor in 0.00 ms.
Unloading 35 Unused Serialized files (Serialized files now loaded: 0)
System memory in use before: 57.6 MB.
System memory in use after: 57.8 MB.

Unloading 35 unused Assets to reduce memory usage. Loaded Objects now: 2775.
Total: 2.500900 ms (FindLiveObjects: 0.210600 ms CreateObjectMapping: 0.089600 ms MarkObjects: 2.187600 ms  DeleteObjects: 0.012500 ms)

AssetImportParameters requested are different than current active one (requested -> active):
  custom:framework-win-MediaFoundation: 216162199b28c13a410421893ffa2e32 -> 
  custom:video-decoder-ogg-theora: a1e56fd34408186e4bbccfd4996cb3dc -> 
  custom:container-muxer-webm: aa71ff27fc2769a1b78a27578f13a17b -> 
  custom:container-demuxer-webm: 4f35f7cbe854078d1ac9338744f61a02 -> 
  custom:container-demuxer-ogg: 62fdf1f143b41e24485cea50d1cbac27 -> 
  custom:video-encoder-webm-vp8: eb34c28f22e8b96e1ab97ce403110664 -> 
  custom:video-decoder-webm-vp8: 9c59270c3fd7afecdb556c50c9e8de78 -> 
  custom:audio-decoder-ogg-vorbis: bf7c407c2cedff20999df2af8eb42d56 -> 
  custom:audio-encoder-webm-vorbis: bf7c407c2cedff20999df2af8eb42d56 -> 
